<?xml version="1.0" encoding="UTF-8"?>
<!-- Generated by org.testng.reporters.JUnitReportReporter -->
<testsuite skipped="0" hostname="DESKTOP-RU11HV8" name="com.crm.qa.testcases.HomePageTest" tests="2" failures="0" timestamp="03 May 2021 02:36:51 GMT" time="34.155" errors="0">
  <testcase name="validateHomePageTitle" time="20.069" classname="com.crm.qa.testcases.HomePageTest"/>
  <testcase name="YourLogoImageTest" time="14.086" classname="com.crm.qa.testcases.HomePageTest"/>
</testsuite> <!-- com.crm.qa.testcases.HomePageTest -->
