<?xml version="1.0" encoding="UTF-8"?>
<!-- Generated by org.testng.reporters.JUnitReportReporter -->
<testsuite skipped="0" hostname="DESKTOP-RU11HV8" name="com.crm.qa.testcases.HomePageTest" tests="2" failures="0" timestamp="03 May 2021 21:19:11 GMT" time="29.854" errors="0">
  <testcase name="validateHomePageTitle" time="13.913" classname="com.crm.qa.testcases.HomePageTest"/>
  <testcase name="YourLogoImageTest" time="15.941" classname="com.crm.qa.testcases.HomePageTest"/>
</testsuite> <!-- com.crm.qa.testcases.HomePageTest -->
