<?xml version="1.0" encoding="UTF-8"?>
<!-- Generated by org.testng.reporters.JUnitReportReporter -->
<testsuite skipped="0" hostname="DESKTOP-RU11HV8" name="com.crm.qa.testcases.LoginPageTest" tests="6" failures="0" timestamp="03 May 2021 02:36:51 GMT" time="135.765" errors="0">
  <testcase name="validateLoginPageTitle" time="16.956" classname="com.crm.qa.testcases.LoginPageTest"/>
  <testcase name="validateCreateAccount" time="18.303" classname="com.crm.qa.testcases.LoginPageTest"/>
  <testcase name="validateCreateAccount" time="36.823" classname="com.crm.qa.testcases.LoginPageTest"/>
  <testcase name="validateCreateAccount" time="18.243" classname="com.crm.qa.testcases.LoginPageTest"/>
  <testcase name="validateCreateAccount" time="23.755" classname="com.crm.qa.testcases.LoginPageTest"/>
  <testcase name="validateRegisteredPage" time="21.685" classname="com.crm.qa.testcases.LoginPageTest"/>
</testsuite> <!-- com.crm.qa.testcases.LoginPageTest -->
