<?xml version="1.0" encoding="UTF-8"?>
<!-- Generated by org.testng.reporters.JUnitReportReporter -->
<testsuite skipped="0" hostname="DESKTOP-RU11HV8" name="com.crm.qa.testcases.LoginPageTest" tests="6" failures="0" timestamp="03 May 2021 21:19:11 GMT" time="108.503" errors="0">
  <testcase name="validateLoginPageTitle" time="15.199" classname="com.crm.qa.testcases.LoginPageTest"/>
  <testcase name="validateCreateAccount" time="17.823" classname="com.crm.qa.testcases.LoginPageTest"/>
  <testcase name="validateCreateAccount" time="15.743" classname="com.crm.qa.testcases.LoginPageTest"/>
  <testcase name="validateCreateAccount" time="18.282" classname="com.crm.qa.testcases.LoginPageTest"/>
  <testcase name="validateCreateAccount" time="24.198" classname="com.crm.qa.testcases.LoginPageTest"/>
  <testcase name="validateRegisteredPage" time="17.258" classname="com.crm.qa.testcases.LoginPageTest"/>
</testsuite> <!-- com.crm.qa.testcases.LoginPageTest -->
